<?xml version="1.0" encoding="UTF-8"?>
<!-- Generated by org.testng.reporters.JUnitReportReporter -->
<testsuite hostname="LAPTOP-5D2VBBGP" failures="0" tests="1" name="grouping.signUp" time="0.001" errors="0" timestamp="2024-08-07T17:13:52 IST" skipped="0">
  <testcase classname="grouping.signUp" name="signUpbyEmail" time="0.001"/>
  <system-out/>
</testsuite> <!-- grouping.signUp -->
