<?xml version="1.0" encoding="UTF-8"?>
<!-- Generated by org.testng.reporters.JUnitReportReporter -->
<testsuite hostname="LAPTOP-5D2VBBGP" failures="0" tests="2" name="testAnnotations.annotationDemo2" time="0.011" errors="0" timestamp="2024-07-09T12:01:20 IST" skipped="0">
  <testcase classname="testAnnotations.annotationDemo2" name="search" time="0.009"/>
  <system-out/>
  <testcase classname="testAnnotations.annotationDemo2" name="advancesearch" time="0.002"/>
  <system-out/>
</testsuite> <!-- testAnnotations.annotationDemo2 -->
