<?xml version="1.0" encoding="UTF-8"?>
<!-- Generated by org.testng.reporters.JUnitReportReporter -->
<testsuite hostname="LAPTOP-5D2VBBGP" failures="0" tests="1" name="asserts.assertDemo" time="0.013" errors="0" timestamp="2024-07-09T17:24:32 IST" skipped="0">
  <testcase classname="asserts.assertDemo" name="test" time="0.013"/>
  <system-out/>
</testsuite> <!-- asserts.assertDemo -->
