<?xml version="1.0" encoding="UTF-8"?>
<!-- Generated by org.testng.reporters.JUnitReportReporter -->
<testsuite hostname="LAPTOP-5D2VBBGP" failures="0" tests="2" name="testAllNotations.allannotations" time="0.016" errors="0" timestamp="2024-07-26T14:58:29 IST" skipped="0">
  <testcase classname="testAllNotations.allannotations" name="tm1" time="0.013"/>
  <system-out/>
  <testcase classname="testAllNotations.allannotations" name="tm2" time="0.003"/>
  <system-out/>
</testsuite> <!-- testAllNotations.allannotations -->
