<?xml version="1.0" encoding="UTF-8"?>
<!-- Generated by org.testng.reporters.JUnitReportReporter -->
<testsuite hostname="LAPTOP-5D2VBBGP" failures="0" tests="2" name="grouping.SignIn" time="0.002" errors="0" timestamp="2024-08-07T17:13:52 IST" skipped="0">
  <testcase classname="grouping.SignIn" name="signInByGoogle" time="0.001"/>
  <system-out/>
  <testcase classname="grouping.SignIn" name="signInbyFacebook" time="0.001"/>
  <system-out/>
</testsuite> <!-- grouping.SignIn -->
