<?xml version="1.0" encoding="UTF-8"?>
<!-- Generated by org.testng.reporters.JUnitReportReporter -->
<testsuite hostname="LAPTOP-5D2VBBGP" failures="0" tests="1" name="testAnnotations.pack.beforeTest" time="0.001" errors="0" timestamp="2024-07-09T17:04:17 IST" skipped="0">
  <testcase classname="testAnnotations.pack.beforeTest" name="first" time="0.001"/>
  <system-out/>
</testsuite> <!-- testAnnotations.pack.beforeTest -->
