<?xml version="1.0" encoding="UTF-8"?>
<!-- Generated by org.testng.reporters.JUnitReportReporter -->
<testsuite hostname="LAPTOP-5D2VBBGP" failures="0" tests="1" name="pageobjectmodel.loginFageFactory" time="2.855" errors="0" timestamp="2024-07-26T11:58:38 IST" skipped="0">
  <testcase classname="pageobjectmodel.loginFageFactory" name="testLogin" time="2.855"/>
  <system-out/>
</testsuite> <!-- pageobjectmodel.loginFageFactory -->
