<?xml version="1.0" encoding="UTF-8"?>
<!-- Generated by org.testng.reporters.JUnitReportReporter -->
<testsuite hostname="LAPTOP-5D2VBBGP" failures="0" tests="1" name="pageobjectmodel.loginTest" time="2.393" errors="0" timestamp="2024-07-26T11:40:20 IST" skipped="0">
  <testcase classname="pageobjectmodel.loginTest" name="testLogin" time="2.393"/>
  <system-out/>
</testsuite> <!-- pageobjectmodel.loginTest -->
