<?xml version="1.0" encoding="UTF-8"?>
<!-- Generated by org.testng.reporters.JUnitReportReporter -->
<testsuite hostname="LAPTOP-5D2VBBGP" failures="0" tests="1" name="testAnnotations.pack.afterTest" time="0.010" errors="0" timestamp="2024-07-09T17:04:17 IST" skipped="0">
  <testcase classname="testAnnotations.pack.afterTest" name="second" time="0.010"/>
  <system-out/>
</testsuite> <!-- testAnnotations.pack.afterTest -->
