<?xml version="1.0" encoding="UTF-8"?>
<!-- Generated by org.testng.reporters.JUnitReportReporter -->
<testsuite hostname="LAPTOP-5D2VBBGP" failures="0" tests="1" name="grouping.payment" time="0.010" errors="0" timestamp="2024-08-07T17:13:52 IST" skipped="0">
  <testcase classname="grouping.payment" name="paymentbyPaytm" time="0.010"/>
  <system-out/>
</testsuite> <!-- grouping.payment -->
