<?xml version="1.0" encoding="UTF-8"?>
<!-- Generated by org.testng.reporters.JUnitReportReporter -->
<testsuite hostname="LAPTOP-5D2VBBGP" failures="0" tests="2" name="testAnnotations.annotationDemo1" time="0.026" errors="0" timestamp="2024-07-09T11:57:55 IST" skipped="0">
  <testcase classname="testAnnotations.annotationDemo1" name="advanceSearch" time="0.015"/>
  <system-out/>
  <testcase classname="testAnnotations.annotationDemo1" name="search" time="0.011"/>
  <system-out/>
</testsuite> <!-- testAnnotations.annotationDemo1 -->
