<?xml version="1.0" encoding="UTF-8"?>
<!-- Generated by org.testng.reporters.JUnitReportReporter -->
<testsuite hostname="LAPTOP-5D2VBBGP" failures="0" tests="5" name="practice.data_provider_practice" time="27.998" errors="0" timestamp="2024-07-29T14:53:29 IST" skipped="0">
  <testcase classname="practice.data_provider_practice" name="login" time="6.937"/>
  <system-out/>
  <testcase classname="practice.data_provider_practice" name="login" time="6.473"/>
  <system-out/>
  <testcase classname="practice.data_provider_practice" name="login" time="7.959"/>
  <system-out/>
  <testcase classname="practice.data_provider_practice" name="logo" time="0.062"/>
  <system-out/>
  <testcase classname="practice.data_provider_practice" name="login" time="6.567"/>
  <system-out/>
</testsuite> <!-- practice.data_provider_practice -->
